<?xml version="1.0" encoding="UTF-8"?>
<!-- Generated by org.testng.reporters.JUnitReportReporter -->
<testsuite skipped="0" hostname="Usuario-PC" name="testing.com.AutomationTestCase" tests="1" failures="0" timestamp="13 mar 2019 22:34:16 GMT" time="50.337" errors="0">
  <testcase name="testcase" time="50.337" classname="testing.com.AutomationTestCase"/>
</testsuite> <!-- testing.com.AutomationTestCase -->
