<?xml version="1.0" encoding="UTF-8"?>
<!-- Generated by org.testng.reporters.JUnitReportReporter -->
<testsuite skipped="0" hostname="Usuario-PC" name="tests.Tests" tests="1" failures="0" timestamp="2019-03-13T17:40:16 COT" time="41.219" errors="0">
  <testcase name="pruebaUno" time="41.219" classname="tests.Tests"/>
</testsuite> <!-- tests.Tests -->
